Initializing document watcher...
Document watcher initialized
/User/settings.json: Using EditorConfig core...
tecnoconcretoeng/aplicativo tecnológico: {"tabSize":4,"indentSize":4,"insertSpaces":true,"cursorStyle":1,"lineNumbers":1}
tecnoconcretoeng/aplicativo tecnológico: {"tabSize":4,"indentSize":4,"insertSpaces":true,"cursorStyle":1,"lineNumbers":1}
tecnoconcretoeng/aplicativo tecnológico: {"tabSize":4,"indentSize":4,"insertSpaces":true,"cursorStyle":1,"lineNumbers":1}
tecnoconcretoeng/aplicativo tecnológico: Using EditorConfig core...
tecnoconcretoeng/aplicativo tecnológico: {"tabSize":4,"indentSize":4,"insertSpaces":true,"cursorStyle":1,"lineNumbers":1}
tecnoconcretoeng/aplicativo tecnológico: Using EditorConfig core...
tecnoconcretoeng/aplicativo tecnológico: Using EditorConfig core...
tecnoconcretoeng/aplicativo tecnológico: Using EditorConfig core...
tecnoconcretoeng/aplicativo tecnológico: Using EditorConfig core...
tecnoconcretoeng/aplicativo tecnológico: Using EditorConfig core...
tecnoconcretoeng/aplicativo tecnológico: Using EditorConfig core...
tecnoconcretoeng/aplicativo tecnológico: Using EditorConfig core...
tecnoconcretoeng/aplicativo tecnológico: Using EditorConfig core...
tecnoconcretoeng/aplicativo tecnológico: {"tabSize":4,"indentSize":4,"insertSpaces":true,"cursorStyle":1,"lineNumbers":1}
tecnoconcretoeng/aplicativo tecnológico: {"tabSize":4,"indentSize":4,"insertSpaces":true,"cursorStyle":1,"lineNumbers":1}
tecnoconcretoeng/aplicativo tecnológico: Using EditorConfig core...
tecnoconcretoeng/aplicativo tecnológico: Using EditorConfig core...
tecnoconcretoeng/aplicativo tecnológico: {"tabSize":4,"indentSize":4,"insertSpaces":true,"cursorStyle":1,"lineNumbers":1}
tecnoconcretoeng/aplicativo tecnológico: Using EditorConfig core...
tecnoconcretoeng/aplicativo tecnológico: {"tabSize":4,"indentSize":4,"insertSpaces":true,"cursorStyle":1,"lineNumbers":1}
tecnoconcretoeng/aplicativo tecnológico: {"tabSize":4,"indentSize":4,"insertSpaces":true,"cursorStyle":1,"lineNumbers":1}
tecnoconcretoeng/aplicativo tecnológico: {"tabSize":4,"indentSize":4,"insertSpaces":true,"cursorStyle":1,"lineNumbers":1}
tecnoconcretoeng/aplicativo tecnológico: {"tabSize":4,"indentSize":4,"insertSpaces":true,"cursorStyle":1,"lineNumbers":1}
tecnoconcretoeng/aplicativo tecnológico: {"tabSize":4,"indentSize":4,"insertSpaces":true,"cursorStyle":1,"lineNumbers":1}
tecnoconcretoeng/aplicativo tecnológico: {"tabSize":4,"indentSize":4,"insertSpaces":true,"cursorStyle":1,"lineNumbers":1}
tecnoconcretoeng/aplicativo tecnológico: {"tabSize":4,"indentSize":4,"insertSpaces":true,"cursorStyle":1,"lineNumbers":1}
tecnoconcretoeng/aplicativo tecnológico: {"tabSize":4,"indentSize":4,"insertSpaces":true,"cursorStyle":1,"lineNumbers":1}
tecnoconcretoeng/aplicativo tecnológico: {"tabSize":2,"indentSize":2,"insertSpaces":true,"cursorStyle":1,"lineNumbers":1}
tecnoconcretoeng/aplicativo tecnológico: {"tabSize":2,"indentSize":2,"insertSpaces":true,"cursorStyle":1,"lineNumbers":1}
tecnoconcretoeng/package.json: {"tabSize":2,"indentSize":2,"insertSpaces":true,"cursorStyle":1,"lineNumbers":1}
tecnoconcretoeng/package.json: {"tabSize":2,"indentSize":2,"insertSpaces":true,"cursorStyle":1,"lineNumbers":1}
tecnoconcretoeng/package.json: Using EditorConfig core...
tecnoconcretoeng/package.json: {"tabSize":2,"indentSize":2,"insertSpaces":true,"cursorStyle":1,"lineNumbers":1}
tecnoconcretoeng/package.json: {"tabSize":2,"indentSize":2,"insertSpaces":true,"cursorStyle":1,"lineNumbers":1}
tecnoconcretoeng/package.json: {"tabSize":2,"indentSize":2,"insertSpaces":true,"cursorStyle":1,"lineNumbers":1}
tecnoconcretoeng/package.json: {"tabSize":2,"indentSize":2,"insertSpaces":true,"cursorStyle":1,"lineNumbers":1}
tecnoconcretoeng/package.json: {"tabSize":2,"indentSize":2,"insertSpaces":true,"cursorStyle":1,"lineNumbers":1}
tecnoconcretoeng/package.json: {"tabSize":2,"indentSize":2,"insertSpaces":true,"cursorStyle":1,"lineNumbers":1}
tecnoconcretoeng/package.json: {"tabSize":2,"indentSize":2,"insertSpaces":true,"cursorStyle":1,"lineNumbers":1}
tecnoconcretoeng/Dockerfile: {"tabSize":4,"indentSize":4,"insertSpaces":true,"cursorStyle":1,"lineNumbers":1}
tecnoconcretoeng/Dockerfile: {"tabSize":4,"indentSize":4,"insertSpaces":true,"cursorStyle":1,"lineNumbers":1}
tecnoconcretoeng/Dockerfile: Using EditorConfig core...
tecnoconcretoeng/Dockerfile: {"tabSize":4,"indentSize":4,"insertSpaces":true,"cursorStyle":1,"lineNumbers":1}
tecnoconcretoeng/Dockerfile: {"tabSize":4,"indentSize":4,"insertSpaces":true,"cursorStyle":1,"lineNumbers":1}
tecnoconcretoeng/Dockerfile: {"tabSize":4,"indentSize":4,"insertSpaces":true,"cursorStyle":1,"lineNumbers":1}
tecnoconcretoeng/Dockerfile: {"tabSize":4,"indentSize":4,"insertSpaces":true,"cursorStyle":1,"lineNumbers":1}
tecnoconcretoeng/Dockerfile: {"tabSize":4,"indentSize":4,"insertSpaces":true,"cursorStyle":1,"lineNumbers":1}
tecnoconcretoeng/Dockerfile: {"tabSize":4,"indentSize":4,"insertSpaces":true,"cursorStyle":1,"lineNumbers":1}
tecnoconcretoeng/vite.config.ts: {"tabSize":4,"indentSize":4,"insertSpaces":true,"cursorStyle":1,"lineNumbers":1}
tecnoconcretoeng/vite.config.ts: {"tabSize":4,"indentSize":4,"insertSpaces":true,"cursorStyle":1,"lineNumbers":1}
tecnoconcretoeng/vite.config.ts: Using EditorConfig core...
tecnoconcretoeng/vite.config.ts: {"tabSize":4,"indentSize":4,"insertSpaces":true,"cursorStyle":1,"lineNumbers":1}
tecnoconcretoeng/vite.config.ts: {"tabSize":4,"indentSize":4,"insertSpaces":true,"cursorStyle":1,"lineNumbers":1}
tecnoconcretoeng/vite.config.ts: {"tabSize":4,"indentSize":4,"insertSpaces":true,"cursorStyle":1,"lineNumbers":1}
tecnoconcretoeng/vite.config.ts: {"tabSize":4,"indentSize":4,"insertSpaces":true,"cursorStyle":1,"lineNumbers":1}
tecnoconcretoeng/vite.config.ts: {"tabSize":4,"indentSize":4,"insertSpaces":true,"cursorStyle":1,"lineNumbers":1}
tecnoconcretoeng/index.html: {"tabSize":4,"indentSize":4,"insertSpaces":true,"cursorStyle":1,"lineNumbers":1}
tecnoconcretoeng/index.html: {"tabSize":4,"indentSize":4,"insertSpaces":true,"cursorStyle":1,"lineNumbers":1}
tecnoconcretoeng/index.html: Using EditorConfig core...
tecnoconcretoeng/index.html: {"tabSize":4,"indentSize":4,"insertSpaces":true,"cursorStyle":1,"lineNumbers":1}
tecnoconcretoeng/index.html: {"tabSize":4,"indentSize":4,"insertSpaces":true,"cursorStyle":1,"lineNumbers":1}
tecnoconcretoeng/index.html: {"tabSize":4,"indentSize":4,"insertSpaces":true,"cursorStyle":1,"lineNumbers":1}
tecnoconcretoeng/index.html: {"tabSize":4,"indentSize":4,"insertSpaces":true,"cursorStyle":1,"lineNumbers":1}
tecnoconcretoeng/index.html: {"tabSize":4,"indentSize":4,"insertSpaces":true,"cursorStyle":1,"lineNumbers":1}
tecnoconcretoeng/index.html: {"tabSize":4,"indentSize":4,"insertSpaces":true,"cursorStyle":1,"lineNumbers":1}
tecnoconcretoeng/index.tsx: {"tabSize":4,"indentSize":4,"insertSpaces":true,"cursorStyle":1,"lineNumbers":1}
tecnoconcretoeng/index.tsx: {"tabSize":4,"indentSize":4,"insertSpaces":true,"cursorStyle":1,"lineNumbers":1}
tecnoconcretoeng/index.tsx: Using EditorConfig core...
tecnoconcretoeng/index.tsx: {"tabSize":4,"indentSize":4,"insertSpaces":true,"cursorStyle":1,"lineNumbers":1}
tecnoconcretoeng/index.tsx: {"tabSize":4,"indentSize":4,"insertSpaces":true,"cursorStyle":1,"lineNumbers":1}
tecnoconcretoeng/index.tsx: {"tabSize":4,"indentSize":4,"insertSpaces":true,"cursorStyle":1,"lineNumbers":1}
tecnoconcretoeng/index.tsx: {"tabSize":4,"indentSize":4,"insertSpaces":true,"cursorStyle":1,"lineNumbers":1}
tecnoconcretoeng/index.css: {"tabSize":4,"indentSize":4,"insertSpaces":true,"cursorStyle":1,"lineNumbers":1}
tecnoconcretoeng/index.css: {"tabSize":4,"indentSize":4,"insertSpaces":true,"cursorStyle":1,"lineNumbers":1}
tecnoconcretoeng/index.css: Using EditorConfig core...
tecnoconcretoeng/index.css: {"tabSize":4,"indentSize":4,"insertSpaces":true,"cursorStyle":1,"lineNumbers":1}
tecnoconcretoeng/index.css: {"tabSize":4,"indentSize":4,"insertSpaces":true,"cursorStyle":1,"lineNumbers":1}
tecnoconcretoeng/index.css: {"tabSize":4,"indentSize":4,"insertSpaces":true,"cursorStyle":1,"lineNumbers":1}
tecnoconcretoeng/index.css: {"tabSize":4,"indentSize":4,"insertSpaces":true,"cursorStyle":1,"lineNumbers":1}
tecnoconcretoeng/servidor.ts: {"tabSize":4,"indentSize":4,"insertSpaces":true,"cursorStyle":1,"lineNumbers":1}
tecnoconcretoeng/servidor.ts: {"tabSize":4,"indentSize":4,"insertSpaces":true,"cursorStyle":1,"lineNumbers":1}
tecnoconcretoeng/servidor.ts: Using EditorConfig core...
tecnoconcretoeng/servidor.ts: {"tabSize":4,"indentSize":4,"insertSpaces":true,"cursorStyle":1,"lineNumbers":1}
tecnoconcretoeng/servidor.ts: {"tabSize":4,"indentSize":4,"insertSpaces":true,"cursorStyle":1,"lineNumbers":1}
tecnoconcretoeng/servidor.ts: {"tabSize":4,"indentSize":4,"insertSpaces":true,"cursorStyle":1,"lineNumbers":1}
tecnoconcretoeng/servidor.ts: {"tabSize":4,"indentSize":4,"insertSpaces":true,"cursorStyle":1,"lineNumbers":1}
tecnoconcretoeng/servidor.ts: {"tabSize":4,"indentSize":4,"insertSpaces":true,"cursorStyle":1,"lineNumbers":1}
tecnoconcretoeng/servidor.ts: {"tabSize":4,"indentSize":4,"insertSpaces":true,"cursorStyle":1,"lineNumbers":1}
tecnoconcretoeng/servidor.ts: {"tabSize":4,"indentSize":4,"insertSpaces":true,"cursorStyle":1,"lineNumbers":1}
tecnoconcretoeng/servidor.ts: {"tabSize":4,"indentSize":4,"insertSpaces":true,"cursorStyle":1,"lineNumbers":1}
tecnoconcretoeng/servidor.ts: {"tabSize":4,"indentSize":4,"insertSpaces":true,"cursorStyle":1,"lineNumbers":1}
tecnoconcretoeng/servidor.ts: {"tabSize":4,"indentSize":4,"insertSpaces":true,"cursorStyle":1,"lineNumbers":1}
tecnoconcretoeng/servidor.ts: {"tabSize":4,"indentSize":4,"insertSpaces":true,"cursorStyle":1,"lineNumbers":1}
tecnoconcretoeng/App.tsx: {"tabSize":4,"indentSize":4,"insertSpaces":true,"cursorStyle":1,"lineNumbers":1}
tecnoconcretoeng/App.tsx: {"tabSize":4,"indentSize":4,"insertSpaces":true,"cursorStyle":1,"lineNumbers":1}
tecnoconcretoeng/App.tsx: Using EditorConfig core...
tecnoconcretoeng/App.tsx: {"tabSize":4,"indentSize":4,"insertSpaces":true,"cursorStyle":1,"lineNumbers":1}
tecnoconcretoeng/App.tsx: {"tabSize":4,"indentSize":4,"insertSpaces":true,"cursorStyle":1,"lineNumbers":1}
tecnoconcretoeng/App.tsx: {"tabSize":4,"indentSize":4,"insertSpaces":true,"cursorStyle":1,"lineNumbers":1}
tecnoconcretoeng/App.tsx: {"tabSize":4,"indentSize":4,"insertSpaces":true,"cursorStyle":1,"lineNumbers":1}
tecnoconcretoeng/App.tsx: {"tabSize":4,"indentSize":4,"insertSpaces":true,"cursorStyle":1,"lineNumbers":1}
tecnoconcretoeng/App.tsx: {"tabSize":4,"indentSize":4,"insertSpaces":true,"cursorStyle":1,"lineNumbers":1}
tecnoconcretoeng/App.tsx: {"tabSize":4,"indentSize":4,"insertSpaces":true,"cursorStyle":1,"lineNumbers":1}
tecnoconcretoeng/App.tsx: {"tabSize":4,"indentSize":4,"insertSpaces":true,"cursorStyle":1,"lineNumbers":1}
tecnoconcretoeng/servidor.ts: {"tabSize":4,"indentSize":4,"insertSpaces":true,"cursorStyle":1,"lineNumbers":1}
tecnoconcretoeng/servidor.ts: {"tabSize":4,"indentSize":4,"insertSpaces":true,"cursorStyle":1,"lineNumbers":1}
tecnoconcretoeng/servidor.ts: {"tabSize":4,"indentSize":4,"insertSpaces":true,"cursorStyle":1,"lineNumbers":1}
tecnoconcretoeng/servidor.ts: {"tabSize":4,"indentSize":4,"insertSpaces":true,"cursorStyle":1,"lineNumbers":1}
tecnoconcretoeng/servidor.ts: {"tabSize":4,"indentSize":4,"insertSpaces":true,"cursorStyle":1,"lineNumbers":1}
tecnoconcretoeng/serve.ts: {"tabSize":2,"indentSize":2,"insertSpaces":true,"cursorStyle":1,"lineNumbers":1}
tecnoconcretoeng/serve.ts: {"tabSize":2,"indentSize":2,"insertSpaces":true,"cursorStyle":1,"lineNumbers":1}
tecnoconcretoeng/serve.ts: {"tabSize":2,"indentSize":2,"insertSpaces":true,"cursorStyle":1,"lineNumbers":1}
tecnoconcretoeng/serve.ts: {"tabSize":2,"indentSize":2,"insertSpaces":true,"cursorStyle":1,"lineNumbers":1}
tecnoconcretoeng/serve.ts: {"tabSize":2,"indentSize":2,"insertSpaces":true,"cursorStyle":1,"lineNumbers":1}
tecnoconcretoeng/server.ts: {"tabSize":2,"indentSize":2,"insertSpaces":true,"cursorStyle":1,"lineNumbers":1}
tecnoconcretoeng/server.ts: {"tabSize":2,"indentSize":2,"insertSpaces":true,"cursorStyle":1,"lineNumbers":1}
tecnoconcretoeng/server.ts: {"tabSize":2,"indentSize":2,"insertSpaces":true,"cursorStyle":1,"lineNumbers":1}
tecnoconcretoeng/server.ts: {"tabSize":2,"indentSize":2,"insertSpaces":true,"cursorStyle":1,"lineNumbers":1}
tecnoconcretoeng/server.ts: {"tabSize":2,"indentSize":2,"insertSpaces":true,"cursorStyle":1,"lineNumbers":1}
